2016-08-14 06:31:23,943 WARN org.apache.hadoop.util.NativeCodeLoader: Unable to load native-hadoop library for your platform... using builtin-java classes where applicable
2016-08-14 06:31:24,188 INFO org.apache.hadoop.conf.Configuration.deprecation: session.id is deprecated. Instead, use dfs.metrics.session-id
2016-08-14 06:31:24,189 INFO org.apache.hadoop.metrics.jvm.JvmMetrics: Initializing JVM Metrics with processName=JobTracker, sessionId=
2016-08-14 06:31:24,212 WARN org.apache.hadoop.security.UserGroupInformation: PriviledgedActionException as:cloudera (auth:SIMPLE) cause:org.apache.hadoop.mapred.FileAlreadyExistsException: Output directory file:/home/cloudera/workspace/WordCount/output already exists
2016-08-14 06:32:02,611 WARN org.apache.hadoop.util.NativeCodeLoader: Unable to load native-hadoop library for your platform... using builtin-java classes where applicable
2016-08-14 06:32:02,854 INFO org.apache.hadoop.conf.Configuration.deprecation: session.id is deprecated. Instead, use dfs.metrics.session-id
2016-08-14 06:32:02,857 INFO org.apache.hadoop.metrics.jvm.JvmMetrics: Initializing JVM Metrics with processName=JobTracker, sessionId=
2016-08-14 06:32:03,037 WARN org.apache.hadoop.mapreduce.JobResourceUploader: No job jar file set.  User classes may not be found. See Job or Job#setJar(String).
2016-08-14 06:32:03,048 INFO org.apache.hadoop.mapreduce.lib.input.FileInputFormat: Total input paths to process : 1
2016-08-14 06:32:03,090 INFO org.apache.hadoop.mapreduce.JobSubmitter: number of splits:1
2016-08-14 06:32:03,234 INFO org.apache.hadoop.mapreduce.JobSubmitter: Submitting tokens for job: job_local1638033582_0001
2016-08-14 06:32:03,392 INFO org.apache.hadoop.mapreduce.Job: The url to track the job: http://localhost:8080/
2016-08-14 06:32:03,393 INFO org.apache.hadoop.mapreduce.Job: Running job: job_local1638033582_0001
2016-08-14 06:32:03,394 INFO org.apache.hadoop.mapred.LocalJobRunner: OutputCommitter set in config null
2016-08-14 06:32:03,399 INFO org.apache.hadoop.mapreduce.lib.output.FileOutputCommitter: File Output Committer Algorithm version is 1
2016-08-14 06:32:03,401 INFO org.apache.hadoop.mapred.LocalJobRunner: OutputCommitter is org.apache.hadoop.mapreduce.lib.output.FileOutputCommitter
2016-08-14 06:32:03,438 INFO org.apache.hadoop.mapred.LocalJobRunner: Waiting for map tasks
2016-08-14 06:32:03,439 INFO org.apache.hadoop.mapred.LocalJobRunner: Starting task: attempt_local1638033582_0001_m_000000_0
2016-08-14 06:32:03,463 INFO org.apache.hadoop.mapreduce.lib.output.FileOutputCommitter: File Output Committer Algorithm version is 1
2016-08-14 06:32:03,473 INFO org.apache.hadoop.mapred.Task:  Using ResourceCalculatorProcessTree : [ ]
2016-08-14 06:32:03,477 INFO org.apache.hadoop.mapred.MapTask: Processing split: file:/home/cloudera/workspace/WordCount/pg100.txt:0+5589889
2016-08-14 06:32:03,529 INFO org.apache.hadoop.mapred.MapTask: (EQUATOR) 0 kvi 26214396(104857584)
2016-08-14 06:32:03,529 INFO org.apache.hadoop.mapred.MapTask: mapreduce.task.io.sort.mb: 100
2016-08-14 06:32:03,529 INFO org.apache.hadoop.mapred.MapTask: soft limit at 83886080
2016-08-14 06:32:03,530 INFO org.apache.hadoop.mapred.MapTask: bufstart = 0; bufvoid = 104857600
2016-08-14 06:32:03,530 INFO org.apache.hadoop.mapred.MapTask: kvstart = 26214396; length = 6553600
2016-08-14 06:32:03,533 INFO org.apache.hadoop.mapred.MapTask: Map output collector class = org.apache.hadoop.mapred.MapTask$MapOutputBuffer
2016-08-14 06:32:03,538 INFO org.apache.hadoop.mapreduce.lib.input.LineRecordReader: Found UTF-8 BOM and skipped it
2016-08-14 06:32:04,383 INFO org.apache.hadoop.mapred.LocalJobRunner: 
2016-08-14 06:32:04,384 INFO org.apache.hadoop.mapred.MapTask: Starting flush of map output
2016-08-14 06:32:04,384 INFO org.apache.hadoop.mapred.MapTask: Spilling map output
2016-08-14 06:32:04,384 INFO org.apache.hadoop.mapred.MapTask: bufstart = 0; bufend = 9171648; bufvoid = 104857600
2016-08-14 06:32:04,384 INFO org.apache.hadoop.mapred.MapTask: kvstart = 26214396(104857584); kvend = 22120624(88482496); length = 4093773/6553600
2016-08-14 06:32:04,396 INFO org.apache.hadoop.mapreduce.Job: Job job_local1638033582_0001 running in uber mode : false
2016-08-14 06:32:04,398 INFO org.apache.hadoop.mapreduce.Job:  map 0% reduce 0%
2016-08-14 06:32:05,797 INFO org.apache.hadoop.mapred.MapTask: Finished spill 0
2016-08-14 06:32:05,800 INFO org.apache.hadoop.mapred.Task: Task:attempt_local1638033582_0001_m_000000_0 is done. And is in the process of committing
2016-08-14 06:32:05,807 INFO org.apache.hadoop.mapred.LocalJobRunner: map
2016-08-14 06:32:05,807 INFO org.apache.hadoop.mapred.Task: Task 'attempt_local1638033582_0001_m_000000_0' done.
2016-08-14 06:32:05,807 INFO org.apache.hadoop.mapred.LocalJobRunner: Finishing task: attempt_local1638033582_0001_m_000000_0
2016-08-14 06:32:05,808 INFO org.apache.hadoop.mapred.LocalJobRunner: map task executor complete.
2016-08-14 06:32:05,810 INFO org.apache.hadoop.mapred.LocalJobRunner: Waiting for reduce tasks
2016-08-14 06:32:05,810 INFO org.apache.hadoop.mapred.LocalJobRunner: Starting task: attempt_local1638033582_0001_r_000000_0
2016-08-14 06:32:05,817 INFO org.apache.hadoop.mapreduce.lib.output.FileOutputCommitter: File Output Committer Algorithm version is 1
2016-08-14 06:32:05,817 INFO org.apache.hadoop.mapred.Task:  Using ResourceCalculatorProcessTree : [ ]
2016-08-14 06:32:05,820 INFO org.apache.hadoop.mapred.ReduceTask: Using ShuffleConsumerPlugin: org.apache.hadoop.mapreduce.task.reduce.Shuffle@5c7db89a
2016-08-14 06:32:05,832 INFO org.apache.hadoop.mapreduce.task.reduce.MergeManagerImpl: MergerManager: memoryLimit=625003712, maxSingleShuffleLimit=156250928, mergeThreshold=412502464, ioSortFactor=10, memToMemMergeOutputsThreshold=10
2016-08-14 06:32:05,835 INFO org.apache.hadoop.mapreduce.task.reduce.EventFetcher: attempt_local1638033582_0001_r_000000_0 Thread started: EventFetcher for fetching Map Completion Events
2016-08-14 06:32:05,858 INFO org.apache.hadoop.mapreduce.task.reduce.LocalFetcher: localfetcher#1 about to shuffle output of map attempt_local1638033582_0001_m_000000_0 decomp: 11218538 len: 11218542 to MEMORY
2016-08-14 06:32:05,881 INFO org.apache.hadoop.mapreduce.task.reduce.InMemoryMapOutput: Read 11218538 bytes from map-output for attempt_local1638033582_0001_m_000000_0
2016-08-14 06:32:05,883 INFO org.apache.hadoop.mapreduce.task.reduce.MergeManagerImpl: closeInMemoryFile -> map-output of size: 11218538, inMemoryMapOutputs.size() -> 1, commitMemory -> 0, usedMemory ->11218538
2016-08-14 06:32:05,884 INFO org.apache.hadoop.mapreduce.task.reduce.EventFetcher: EventFetcher is interrupted.. Returning
2016-08-14 06:32:05,884 INFO org.apache.hadoop.mapred.LocalJobRunner: 1 / 1 copied.
2016-08-14 06:32:05,885 INFO org.apache.hadoop.mapreduce.task.reduce.MergeManagerImpl: finalMerge called with 1 in-memory map-outputs and 0 on-disk map-outputs
2016-08-14 06:32:05,890 INFO org.apache.hadoop.mapred.Merger: Merging 1 sorted segments
2016-08-14 06:32:05,890 INFO org.apache.hadoop.mapred.Merger: Down to the last merge-pass, with 1 segments left of total size: 11218535 bytes
2016-08-14 06:32:06,401 INFO org.apache.hadoop.mapreduce.Job:  map 100% reduce 0%
2016-08-14 06:32:06,658 INFO org.apache.hadoop.mapreduce.task.reduce.MergeManagerImpl: Merged 1 segments, 11218538 bytes to disk to satisfy reduce memory limit
2016-08-14 06:32:06,658 INFO org.apache.hadoop.mapreduce.task.reduce.MergeManagerImpl: Merging 1 files, 11218542 bytes from disk
2016-08-14 06:32:06,659 INFO org.apache.hadoop.mapreduce.task.reduce.MergeManagerImpl: Merging 0 segments, 0 bytes from memory into reduce
2016-08-14 06:32:06,659 INFO org.apache.hadoop.mapred.Merger: Merging 1 sorted segments
2016-08-14 06:32:06,660 INFO org.apache.hadoop.mapred.Merger: Down to the last merge-pass, with 1 segments left of total size: 11218535 bytes
2016-08-14 06:32:06,660 INFO org.apache.hadoop.mapred.LocalJobRunner: 1 / 1 copied.
2016-08-14 06:32:06,666 INFO org.apache.hadoop.conf.Configuration.deprecation: mapred.skip.on is deprecated. Instead, use mapreduce.job.skiprecords
2016-08-14 06:32:07,356 INFO org.apache.hadoop.mapred.Task: Task:attempt_local1638033582_0001_r_000000_0 is done. And is in the process of committing
2016-08-14 06:32:07,357 INFO org.apache.hadoop.mapred.LocalJobRunner: 1 / 1 copied.
2016-08-14 06:32:07,357 INFO org.apache.hadoop.mapred.Task: Task attempt_local1638033582_0001_r_000000_0 is allowed to commit now
2016-08-14 06:32:07,358 INFO org.apache.hadoop.mapreduce.lib.output.FileOutputCommitter: Saved output of task 'attempt_local1638033582_0001_r_000000_0' to file:/home/cloudera/workspace/WordCount/output1/_temporary/0/task_local1638033582_0001_r_000000
2016-08-14 06:32:07,358 INFO org.apache.hadoop.mapred.LocalJobRunner: reduce > reduce
2016-08-14 06:32:07,359 INFO org.apache.hadoop.mapred.Task: Task 'attempt_local1638033582_0001_r_000000_0' done.
2016-08-14 06:32:07,359 INFO org.apache.hadoop.mapred.LocalJobRunner: Finishing task: attempt_local1638033582_0001_r_000000_0
2016-08-14 06:32:07,359 INFO org.apache.hadoop.mapred.LocalJobRunner: reduce task executor complete.
2016-08-14 06:32:07,403 INFO org.apache.hadoop.mapreduce.Job:  map 100% reduce 100%
2016-08-14 06:32:07,403 INFO org.apache.hadoop.mapreduce.Job: Job job_local1638033582_0001 completed successfully
2016-08-14 06:32:07,412 INFO org.apache.hadoop.mapreduce.Job: Counters: 33
	File System Counters
		FILE: Number of bytes read=33617236
		FILE: Number of bytes written=34912024
		FILE: Number of read operations=0
		FILE: Number of large read operations=0
		FILE: Number of write operations=0
	Map-Reduce Framework
		Map input records=124787
		Map output records=1023444
		Map output bytes=9171648
		Map output materialized bytes=11218542
		Input split bytes=114
		Combine input records=0
		Combine output records=0
		Reduce input groups=67780
		Reduce shuffle bytes=11218542
		Reduce input records=1023444
		Reduce output records=67780
		Spilled Records=2046888
		Shuffled Maps =1
		Failed Shuffles=0
		Merged Map outputs=1
		GC time elapsed (ms)=21
		CPU time spent (ms)=0
		Physical memory (bytes) snapshot=0
		Virtual memory (bytes) snapshot=0
		Total committed heap usage (bytes)=555745280
	Shuffle Errors
		BAD_ID=0
		CONNECTION=0
		IO_ERROR=0
		WRONG_LENGTH=0
		WRONG_MAP=0
		WRONG_REDUCE=0
	File Input Format Counters 
		Bytes Read=5589889
	File Output Format Counters 
		Bytes Written=726624
2016-08-14 06:34:06,950 WARN org.apache.hadoop.util.NativeCodeLoader: Unable to load native-hadoop library for your platform... using builtin-java classes where applicable
2016-08-14 06:34:07,196 INFO org.apache.hadoop.conf.Configuration.deprecation: session.id is deprecated. Instead, use dfs.metrics.session-id
2016-08-14 06:34:07,198 INFO org.apache.hadoop.metrics.jvm.JvmMetrics: Initializing JVM Metrics with processName=JobTracker, sessionId=
2016-08-14 06:34:07,384 WARN org.apache.hadoop.mapreduce.JobResourceUploader: No job jar file set.  User classes may not be found. See Job or Job#setJar(String).
2016-08-14 06:34:07,395 INFO org.apache.hadoop.mapreduce.lib.input.FileInputFormat: Total input paths to process : 1
2016-08-14 06:34:07,441 INFO org.apache.hadoop.mapreduce.JobSubmitter: number of splits:1
2016-08-14 06:34:07,602 INFO org.apache.hadoop.mapreduce.JobSubmitter: Submitting tokens for job: job_local341286881_0001
2016-08-14 06:34:07,756 INFO org.apache.hadoop.mapreduce.Job: The url to track the job: http://localhost:8080/
2016-08-14 06:34:07,757 INFO org.apache.hadoop.mapreduce.Job: Running job: job_local341286881_0001
2016-08-14 06:34:07,757 INFO org.apache.hadoop.mapred.LocalJobRunner: OutputCommitter set in config null
2016-08-14 06:34:07,763 INFO org.apache.hadoop.mapreduce.lib.output.FileOutputCommitter: File Output Committer Algorithm version is 1
2016-08-14 06:34:07,764 INFO org.apache.hadoop.mapred.LocalJobRunner: OutputCommitter is org.apache.hadoop.mapreduce.lib.output.FileOutputCommitter
2016-08-14 06:34:07,805 INFO org.apache.hadoop.mapred.LocalJobRunner: Waiting for map tasks
2016-08-14 06:34:07,805 INFO org.apache.hadoop.mapred.LocalJobRunner: Starting task: attempt_local341286881_0001_m_000000_0
2016-08-14 06:34:07,831 INFO org.apache.hadoop.mapreduce.lib.output.FileOutputCommitter: File Output Committer Algorithm version is 1
2016-08-14 06:34:07,841 INFO org.apache.hadoop.mapred.Task:  Using ResourceCalculatorProcessTree : [ ]
2016-08-14 06:34:07,845 INFO org.apache.hadoop.mapred.MapTask: Processing split: file:/home/cloudera/workspace/WordCount/pg100.txt:0+5589889
2016-08-14 06:34:07,893 INFO org.apache.hadoop.mapred.MapTask: (EQUATOR) 0 kvi 26214396(104857584)
2016-08-14 06:34:07,893 INFO org.apache.hadoop.mapred.MapTask: mapreduce.task.io.sort.mb: 100
2016-08-14 06:34:07,893 INFO org.apache.hadoop.mapred.MapTask: soft limit at 83886080
2016-08-14 06:34:07,893 INFO org.apache.hadoop.mapred.MapTask: bufstart = 0; bufvoid = 104857600
2016-08-14 06:34:07,893 INFO org.apache.hadoop.mapred.MapTask: kvstart = 26214396; length = 6553600
2016-08-14 06:34:07,897 INFO org.apache.hadoop.mapred.MapTask: Map output collector class = org.apache.hadoop.mapred.MapTask$MapOutputBuffer
2016-08-14 06:34:07,900 INFO org.apache.hadoop.mapreduce.lib.input.LineRecordReader: Found UTF-8 BOM and skipped it
2016-08-14 06:34:08,759 INFO org.apache.hadoop.mapreduce.Job: Job job_local341286881_0001 running in uber mode : false
2016-08-14 06:34:08,760 INFO org.apache.hadoop.mapred.LocalJobRunner: 
2016-08-14 06:34:08,760 INFO org.apache.hadoop.mapred.MapTask: Starting flush of map output
2016-08-14 06:34:08,760 INFO org.apache.hadoop.mapred.MapTask: Spilling map output
2016-08-14 06:34:08,760 INFO org.apache.hadoop.mapred.MapTask: bufstart = 0; bufend = 9171648; bufvoid = 104857600
2016-08-14 06:34:08,760 INFO org.apache.hadoop.mapred.MapTask: kvstart = 26214396(104857584); kvend = 22120624(88482496); length = 4093773/6553600
2016-08-14 06:34:08,761 INFO org.apache.hadoop.mapreduce.Job:  map 0% reduce 0%
2016-08-14 06:34:10,201 INFO org.apache.hadoop.mapred.MapTask: Finished spill 0
2016-08-14 06:34:10,204 INFO org.apache.hadoop.mapred.Task: Task:attempt_local341286881_0001_m_000000_0 is done. And is in the process of committing
2016-08-14 06:34:10,211 INFO org.apache.hadoop.mapred.LocalJobRunner: map
2016-08-14 06:34:10,212 INFO org.apache.hadoop.mapred.Task: Task 'attempt_local341286881_0001_m_000000_0' done.
2016-08-14 06:34:10,212 INFO org.apache.hadoop.mapred.LocalJobRunner: Finishing task: attempt_local341286881_0001_m_000000_0
2016-08-14 06:34:10,212 INFO org.apache.hadoop.mapred.LocalJobRunner: map task executor complete.
2016-08-14 06:34:10,215 INFO org.apache.hadoop.mapred.LocalJobRunner: Waiting for reduce tasks
2016-08-14 06:34:10,216 INFO org.apache.hadoop.mapred.LocalJobRunner: Starting task: attempt_local341286881_0001_r_000000_0
2016-08-14 06:34:10,222 INFO org.apache.hadoop.mapreduce.lib.output.FileOutputCommitter: File Output Committer Algorithm version is 1
2016-08-14 06:34:10,223 INFO org.apache.hadoop.mapred.Task:  Using ResourceCalculatorProcessTree : [ ]
2016-08-14 06:34:10,225 INFO org.apache.hadoop.mapred.ReduceTask: Using ShuffleConsumerPlugin: org.apache.hadoop.mapreduce.task.reduce.Shuffle@5c7db89a
2016-08-14 06:34:10,237 INFO org.apache.hadoop.mapreduce.task.reduce.MergeManagerImpl: MergerManager: memoryLimit=625003712, maxSingleShuffleLimit=156250928, mergeThreshold=412502464, ioSortFactor=10, memToMemMergeOutputsThreshold=10
2016-08-14 06:34:10,240 INFO org.apache.hadoop.mapreduce.task.reduce.EventFetcher: attempt_local341286881_0001_r_000000_0 Thread started: EventFetcher for fetching Map Completion Events
2016-08-14 06:34:10,267 INFO org.apache.hadoop.mapreduce.task.reduce.LocalFetcher: localfetcher#1 about to shuffle output of map attempt_local341286881_0001_m_000000_0 decomp: 11218538 len: 11218542 to MEMORY
2016-08-14 06:34:10,291 INFO org.apache.hadoop.mapreduce.task.reduce.InMemoryMapOutput: Read 11218538 bytes from map-output for attempt_local341286881_0001_m_000000_0
2016-08-14 06:34:10,293 INFO org.apache.hadoop.mapreduce.task.reduce.MergeManagerImpl: closeInMemoryFile -> map-output of size: 11218538, inMemoryMapOutputs.size() -> 1, commitMemory -> 0, usedMemory ->11218538
2016-08-14 06:34:10,296 INFO org.apache.hadoop.mapreduce.task.reduce.EventFetcher: EventFetcher is interrupted.. Returning
2016-08-14 06:34:10,297 INFO org.apache.hadoop.mapred.LocalJobRunner: 1 / 1 copied.
2016-08-14 06:34:10,297 INFO org.apache.hadoop.mapreduce.task.reduce.MergeManagerImpl: finalMerge called with 1 in-memory map-outputs and 0 on-disk map-outputs
2016-08-14 06:34:10,304 INFO org.apache.hadoop.mapred.Merger: Merging 1 sorted segments
2016-08-14 06:34:10,305 INFO org.apache.hadoop.mapred.Merger: Down to the last merge-pass, with 1 segments left of total size: 11218535 bytes
2016-08-14 06:34:10,764 INFO org.apache.hadoop.mapreduce.Job:  map 100% reduce 0%
2016-08-14 06:34:10,854 INFO org.apache.hadoop.mapreduce.task.reduce.MergeManagerImpl: Merged 1 segments, 11218538 bytes to disk to satisfy reduce memory limit
2016-08-14 06:34:10,854 INFO org.apache.hadoop.mapreduce.task.reduce.MergeManagerImpl: Merging 1 files, 11218542 bytes from disk
2016-08-14 06:34:10,855 INFO org.apache.hadoop.mapreduce.task.reduce.MergeManagerImpl: Merging 0 segments, 0 bytes from memory into reduce
2016-08-14 06:34:10,855 INFO org.apache.hadoop.mapred.Merger: Merging 1 sorted segments
2016-08-14 06:34:10,856 INFO org.apache.hadoop.mapred.Merger: Down to the last merge-pass, with 1 segments left of total size: 11218535 bytes
2016-08-14 06:34:10,856 INFO org.apache.hadoop.mapred.LocalJobRunner: 1 / 1 copied.
2016-08-14 06:34:10,863 INFO org.apache.hadoop.conf.Configuration.deprecation: mapred.skip.on is deprecated. Instead, use mapreduce.job.skiprecords
2016-08-14 06:34:11,570 INFO org.apache.hadoop.mapred.Task: Task:attempt_local341286881_0001_r_000000_0 is done. And is in the process of committing
2016-08-14 06:34:11,571 INFO org.apache.hadoop.mapred.LocalJobRunner: 1 / 1 copied.
2016-08-14 06:34:11,571 INFO org.apache.hadoop.mapred.Task: Task attempt_local341286881_0001_r_000000_0 is allowed to commit now
2016-08-14 06:34:11,572 INFO org.apache.hadoop.mapreduce.lib.output.FileOutputCommitter: Saved output of task 'attempt_local341286881_0001_r_000000_0' to file:/home/cloudera/workspace/WordCount/output1/_temporary/0/task_local341286881_0001_r_000000
2016-08-14 06:34:11,572 INFO org.apache.hadoop.mapred.LocalJobRunner: reduce > reduce
2016-08-14 06:34:11,573 INFO org.apache.hadoop.mapred.Task: Task 'attempt_local341286881_0001_r_000000_0' done.
2016-08-14 06:34:11,573 INFO org.apache.hadoop.mapred.LocalJobRunner: Finishing task: attempt_local341286881_0001_r_000000_0
2016-08-14 06:34:11,573 INFO org.apache.hadoop.mapred.LocalJobRunner: reduce task executor complete.
2016-08-14 06:34:11,765 INFO org.apache.hadoop.mapreduce.Job:  map 100% reduce 100%
2016-08-14 06:34:11,767 INFO org.apache.hadoop.mapreduce.Job: Job job_local341286881_0001 completed successfully
2016-08-14 06:34:11,793 INFO org.apache.hadoop.mapreduce.Job: Counters: 33
	File System Counters
		FILE: Number of bytes read=33617236
		FILE: Number of bytes written=34909216
		FILE: Number of read operations=0
		FILE: Number of large read operations=0
		FILE: Number of write operations=0
	Map-Reduce Framework
		Map input records=124787
		Map output records=1023444
		Map output bytes=9171648
		Map output materialized bytes=11218542
		Input split bytes=114
		Combine input records=0
		Combine output records=0
		Reduce input groups=67780
		Reduce shuffle bytes=11218542
		Reduce input records=1023444
		Reduce output records=67780
		Spilled Records=2046888
		Shuffled Maps =1
		Failed Shuffles=0
		Merged Map outputs=1
		GC time elapsed (ms)=28
		CPU time spent (ms)=0
		Physical memory (bytes) snapshot=0
		Virtual memory (bytes) snapshot=0
		Total committed heap usage (bytes)=555745280
	Shuffle Errors
		BAD_ID=0
		CONNECTION=0
		IO_ERROR=0
		WRONG_LENGTH=0
		WRONG_MAP=0
		WRONG_REDUCE=0
	File Input Format Counters 
		Bytes Read=5589889
	File Output Format Counters 
		Bytes Written=726624
2016-08-14 06:38:07,475 WARN org.apache.hadoop.util.NativeCodeLoader: Unable to load native-hadoop library for your platform... using builtin-java classes where applicable
2016-08-14 06:38:07,696 INFO org.apache.hadoop.conf.Configuration.deprecation: session.id is deprecated. Instead, use dfs.metrics.session-id
2016-08-14 06:38:07,698 INFO org.apache.hadoop.metrics.jvm.JvmMetrics: Initializing JVM Metrics with processName=JobTracker, sessionId=
2016-08-14 06:38:07,866 WARN org.apache.hadoop.mapreduce.JobResourceUploader: No job jar file set.  User classes may not be found. See Job or Job#setJar(String).
2016-08-14 06:38:07,875 INFO org.apache.hadoop.mapreduce.lib.input.FileInputFormat: Total input paths to process : 1
2016-08-14 06:38:07,911 INFO org.apache.hadoop.mapreduce.JobSubmitter: number of splits:1
2016-08-14 06:38:08,054 INFO org.apache.hadoop.mapreduce.JobSubmitter: Submitting tokens for job: job_local361799121_0001
2016-08-14 06:38:08,237 INFO org.apache.hadoop.mapreduce.Job: The url to track the job: http://localhost:8080/
2016-08-14 06:38:08,238 INFO org.apache.hadoop.mapreduce.Job: Running job: job_local361799121_0001
2016-08-14 06:38:08,239 INFO org.apache.hadoop.mapred.LocalJobRunner: OutputCommitter set in config null
2016-08-14 06:38:08,244 INFO org.apache.hadoop.mapreduce.lib.output.FileOutputCommitter: File Output Committer Algorithm version is 1
2016-08-14 06:38:08,246 INFO org.apache.hadoop.mapred.LocalJobRunner: OutputCommitter is org.apache.hadoop.mapreduce.lib.output.FileOutputCommitter
2016-08-14 06:38:08,289 INFO org.apache.hadoop.mapred.LocalJobRunner: Waiting for map tasks
2016-08-14 06:38:08,290 INFO org.apache.hadoop.mapred.LocalJobRunner: Starting task: attempt_local361799121_0001_m_000000_0
2016-08-14 06:38:08,315 INFO org.apache.hadoop.mapreduce.lib.output.FileOutputCommitter: File Output Committer Algorithm version is 1
2016-08-14 06:38:08,325 INFO org.apache.hadoop.mapred.Task:  Using ResourceCalculatorProcessTree : [ ]
2016-08-14 06:38:08,328 INFO org.apache.hadoop.mapred.MapTask: Processing split: file:/home/cloudera/workspace/WordCount/pg100.txt:0+5589889
2016-08-14 06:38:08,469 INFO org.apache.hadoop.mapred.MapTask: (EQUATOR) 0 kvi 26214396(104857584)
2016-08-14 06:38:08,469 INFO org.apache.hadoop.mapred.MapTask: mapreduce.task.io.sort.mb: 100
2016-08-14 06:38:08,469 INFO org.apache.hadoop.mapred.MapTask: soft limit at 83886080
2016-08-14 06:38:08,469 INFO org.apache.hadoop.mapred.MapTask: bufstart = 0; bufvoid = 104857600
2016-08-14 06:38:08,469 INFO org.apache.hadoop.mapred.MapTask: kvstart = 26214396; length = 6553600
2016-08-14 06:38:08,473 INFO org.apache.hadoop.mapred.MapTask: Map output collector class = org.apache.hadoop.mapred.MapTask$MapOutputBuffer
2016-08-14 06:38:08,477 INFO org.apache.hadoop.mapreduce.lib.input.LineRecordReader: Found UTF-8 BOM and skipped it
2016-08-14 06:38:08,481 INFO org.apache.hadoop.mapred.MapTask: Starting flush of map output
2016-08-14 06:38:08,482 INFO org.apache.hadoop.mapred.MapTask: Spilling map output
2016-08-14 06:38:08,482 INFO org.apache.hadoop.mapred.MapTask: bufstart = 0; bufend = 348; bufvoid = 104857600
2016-08-14 06:38:08,482 INFO org.apache.hadoop.mapred.MapTask: kvstart = 26214396(104857584); kvend = 26214168(104856672); length = 229/6553600
2016-08-14 06:38:08,494 INFO org.apache.hadoop.mapred.MapTask: Finished spill 0
2016-08-14 06:38:08,497 INFO org.apache.hadoop.mapred.LocalJobRunner: map task executor complete.
2016-08-14 06:38:08,500 WARN org.apache.hadoop.mapred.LocalJobRunner: job_local361799121_0001
java.lang.Exception: java.lang.StringIndexOutOfBoundsException: String index out of range: 0
	at org.apache.hadoop.mapred.LocalJobRunner$Job.runTasks(LocalJobRunner.java:462)
	at org.apache.hadoop.mapred.LocalJobRunner$Job.run(LocalJobRunner.java:522)
Caused by: java.lang.StringIndexOutOfBoundsException: String index out of range: 0
	at java.lang.String.charAt(String.java:658)
	at wordcount.WordCount$Map.map(WordCount.java:61)
	at wordcount.WordCount$Map.map(WordCount.java:1)
	at org.apache.hadoop.mapreduce.Mapper.run(Mapper.java:145)
	at org.apache.hadoop.mapred.MapTask.runNewMapper(MapTask.java:787)
	at org.apache.hadoop.mapred.MapTask.run(MapTask.java:341)
	at org.apache.hadoop.mapred.LocalJobRunner$Job$MapTaskRunnable.run(LocalJobRunner.java:243)
	at java.util.concurrent.Executors$RunnableAdapter.call(Executors.java:471)
	at java.util.concurrent.FutureTask.run(FutureTask.java:262)
	at java.util.concurrent.ThreadPoolExecutor.runWorker(ThreadPoolExecutor.java:1145)
	at java.util.concurrent.ThreadPoolExecutor$Worker.run(ThreadPoolExecutor.java:615)
	at java.lang.Thread.run(Thread.java:745)
2016-08-14 06:38:09,240 INFO org.apache.hadoop.mapreduce.Job: Job job_local361799121_0001 running in uber mode : false
2016-08-14 06:38:09,242 INFO org.apache.hadoop.mapreduce.Job:  map 0% reduce 0%
2016-08-14 06:38:09,244 INFO org.apache.hadoop.mapreduce.Job: Job job_local361799121_0001 failed with state FAILED due to: NA
2016-08-14 06:38:09,248 INFO org.apache.hadoop.mapreduce.Job: Counters: 0
2016-08-14 06:39:49,289 WARN org.apache.hadoop.util.NativeCodeLoader: Unable to load native-hadoop library for your platform... using builtin-java classes where applicable
2016-08-14 06:39:49,538 INFO org.apache.hadoop.conf.Configuration.deprecation: session.id is deprecated. Instead, use dfs.metrics.session-id
2016-08-14 06:39:49,540 INFO org.apache.hadoop.metrics.jvm.JvmMetrics: Initializing JVM Metrics with processName=JobTracker, sessionId=
2016-08-14 06:39:49,562 WARN org.apache.hadoop.security.UserGroupInformation: PriviledgedActionException as:cloudera (auth:SIMPLE) cause:org.apache.hadoop.mapred.FileAlreadyExistsException: Output directory file:/home/cloudera/workspace/WordCount/output1 already exists
2016-08-14 06:40:00,867 WARN org.apache.hadoop.util.NativeCodeLoader: Unable to load native-hadoop library for your platform... using builtin-java classes where applicable
2016-08-14 06:40:01,105 INFO org.apache.hadoop.conf.Configuration.deprecation: session.id is deprecated. Instead, use dfs.metrics.session-id
2016-08-14 06:40:01,107 INFO org.apache.hadoop.metrics.jvm.JvmMetrics: Initializing JVM Metrics with processName=JobTracker, sessionId=
2016-08-14 06:40:01,311 WARN org.apache.hadoop.mapreduce.JobResourceUploader: No job jar file set.  User classes may not be found. See Job or Job#setJar(String).
2016-08-14 06:40:01,323 INFO org.apache.hadoop.mapreduce.lib.input.FileInputFormat: Total input paths to process : 1
2016-08-14 06:40:01,370 INFO org.apache.hadoop.mapreduce.JobSubmitter: number of splits:1
2016-08-14 06:40:01,541 INFO org.apache.hadoop.mapreduce.JobSubmitter: Submitting tokens for job: job_local634051022_0001
2016-08-14 06:40:01,703 INFO org.apache.hadoop.mapreduce.Job: The url to track the job: http://localhost:8080/
2016-08-14 06:40:01,704 INFO org.apache.hadoop.mapreduce.Job: Running job: job_local634051022_0001
2016-08-14 06:40:01,705 INFO org.apache.hadoop.mapred.LocalJobRunner: OutputCommitter set in config null
2016-08-14 06:40:01,710 INFO org.apache.hadoop.mapreduce.lib.output.FileOutputCommitter: File Output Committer Algorithm version is 1
2016-08-14 06:40:01,712 INFO org.apache.hadoop.mapred.LocalJobRunner: OutputCommitter is org.apache.hadoop.mapreduce.lib.output.FileOutputCommitter
2016-08-14 06:40:01,754 INFO org.apache.hadoop.mapred.LocalJobRunner: Waiting for map tasks
2016-08-14 06:40:01,754 INFO org.apache.hadoop.mapred.LocalJobRunner: Starting task: attempt_local634051022_0001_m_000000_0
2016-08-14 06:40:01,780 INFO org.apache.hadoop.mapreduce.lib.output.FileOutputCommitter: File Output Committer Algorithm version is 1
2016-08-14 06:40:01,791 INFO org.apache.hadoop.mapred.Task:  Using ResourceCalculatorProcessTree : [ ]
2016-08-14 06:40:01,794 INFO org.apache.hadoop.mapred.MapTask: Processing split: file:/home/cloudera/workspace/WordCount/pg100.txt:0+5589889
2016-08-14 06:40:01,888 INFO org.apache.hadoop.mapred.MapTask: (EQUATOR) 0 kvi 26214396(104857584)
2016-08-14 06:40:01,888 INFO org.apache.hadoop.mapred.MapTask: mapreduce.task.io.sort.mb: 100
2016-08-14 06:40:01,889 INFO org.apache.hadoop.mapred.MapTask: soft limit at 83886080
2016-08-14 06:40:01,889 INFO org.apache.hadoop.mapred.MapTask: bufstart = 0; bufvoid = 104857600
2016-08-14 06:40:01,889 INFO org.apache.hadoop.mapred.MapTask: kvstart = 26214396; length = 6553600
2016-08-14 06:40:01,920 INFO org.apache.hadoop.mapred.MapTask: Map output collector class = org.apache.hadoop.mapred.MapTask$MapOutputBuffer
2016-08-14 06:40:01,925 INFO org.apache.hadoop.mapreduce.lib.input.LineRecordReader: Found UTF-8 BOM and skipped it
2016-08-14 06:40:02,706 INFO org.apache.hadoop.mapreduce.Job: Job job_local634051022_0001 running in uber mode : false
2016-08-14 06:40:02,718 INFO org.apache.hadoop.mapreduce.Job:  map 0% reduce 0%
2016-08-14 06:40:04,140 INFO org.apache.hadoop.mapred.LocalJobRunner: 
2016-08-14 06:40:04,141 INFO org.apache.hadoop.mapred.MapTask: Starting flush of map output
2016-08-14 06:40:04,141 INFO org.apache.hadoop.mapred.MapTask: Spilling map output
2016-08-14 06:40:04,141 INFO org.apache.hadoop.mapred.MapTask: bufstart = 0; bufend = 5415090; bufvoid = 104857600
2016-08-14 06:40:04,141 INFO org.apache.hadoop.mapred.MapTask: kvstart = 26214396(104857584); kvend = 22604340(90417360); length = 3610057/6553600
2016-08-14 06:40:05,251 INFO org.apache.hadoop.mapred.MapTask: Finished spill 0
2016-08-14 06:40:05,297 INFO org.apache.hadoop.mapred.Task: Task:attempt_local634051022_0001_m_000000_0 is done. And is in the process of committing
2016-08-14 06:40:05,316 INFO org.apache.hadoop.mapred.LocalJobRunner: map
2016-08-14 06:40:05,316 INFO org.apache.hadoop.mapred.Task: Task 'attempt_local634051022_0001_m_000000_0' done.
2016-08-14 06:40:05,316 INFO org.apache.hadoop.mapred.LocalJobRunner: Finishing task: attempt_local634051022_0001_m_000000_0
2016-08-14 06:40:05,317 INFO org.apache.hadoop.mapred.LocalJobRunner: map task executor complete.
2016-08-14 06:40:05,323 INFO org.apache.hadoop.mapred.LocalJobRunner: Waiting for reduce tasks
2016-08-14 06:40:05,333 INFO org.apache.hadoop.mapred.LocalJobRunner: Starting task: attempt_local634051022_0001_r_000000_0
2016-08-14 06:40:05,496 INFO org.apache.hadoop.mapreduce.lib.output.FileOutputCommitter: File Output Committer Algorithm version is 1
2016-08-14 06:40:05,497 INFO org.apache.hadoop.mapred.Task:  Using ResourceCalculatorProcessTree : [ ]
2016-08-14 06:40:05,504 INFO org.apache.hadoop.mapred.ReduceTask: Using ShuffleConsumerPlugin: org.apache.hadoop.mapreduce.task.reduce.Shuffle@af57ffa
2016-08-14 06:40:05,562 INFO org.apache.hadoop.mapreduce.task.reduce.MergeManagerImpl: MergerManager: memoryLimit=625003712, maxSingleShuffleLimit=156250928, mergeThreshold=412502464, ioSortFactor=10, memToMemMergeOutputsThreshold=10
2016-08-14 06:40:05,567 INFO org.apache.hadoop.mapreduce.task.reduce.EventFetcher: attempt_local634051022_0001_r_000000_0 Thread started: EventFetcher for fetching Map Completion Events
2016-08-14 06:40:05,704 INFO org.apache.hadoop.mapreduce.task.reduce.LocalFetcher: localfetcher#1 about to shuffle output of map attempt_local634051022_0001_m_000000_0 decomp: 7220122 len: 7220126 to MEMORY
2016-08-14 06:40:05,744 INFO org.apache.hadoop.mapreduce.task.reduce.InMemoryMapOutput: Read 7220122 bytes from map-output for attempt_local634051022_0001_m_000000_0
2016-08-14 06:40:05,749 INFO org.apache.hadoop.mapreduce.Job:  map 100% reduce 0%
2016-08-14 06:40:05,849 INFO org.apache.hadoop.mapreduce.task.reduce.MergeManagerImpl: closeInMemoryFile -> map-output of size: 7220122, inMemoryMapOutputs.size() -> 1, commitMemory -> 0, usedMemory ->7220122
2016-08-14 06:40:05,851 INFO org.apache.hadoop.mapreduce.task.reduce.EventFetcher: EventFetcher is interrupted.. Returning
2016-08-14 06:40:05,852 INFO org.apache.hadoop.mapred.LocalJobRunner: 1 / 1 copied.
2016-08-14 06:40:05,853 INFO org.apache.hadoop.mapreduce.task.reduce.MergeManagerImpl: finalMerge called with 1 in-memory map-outputs and 0 on-disk map-outputs
2016-08-14 06:40:05,872 INFO org.apache.hadoop.mapred.Merger: Merging 1 sorted segments
2016-08-14 06:40:05,873 INFO org.apache.hadoop.mapred.Merger: Down to the last merge-pass, with 1 segments left of total size: 7220118 bytes
2016-08-14 06:40:06,561 INFO org.apache.hadoop.mapreduce.task.reduce.MergeManagerImpl: Merged 1 segments, 7220122 bytes to disk to satisfy reduce memory limit
2016-08-14 06:40:06,563 INFO org.apache.hadoop.mapreduce.task.reduce.MergeManagerImpl: Merging 1 files, 7220126 bytes from disk
2016-08-14 06:40:06,565 INFO org.apache.hadoop.mapreduce.task.reduce.MergeManagerImpl: Merging 0 segments, 0 bytes from memory into reduce
2016-08-14 06:40:06,566 INFO org.apache.hadoop.mapred.Merger: Merging 1 sorted segments
2016-08-14 06:40:06,572 INFO org.apache.hadoop.mapred.Merger: Down to the last merge-pass, with 1 segments left of total size: 7220118 bytes
2016-08-14 06:40:06,572 INFO org.apache.hadoop.mapred.LocalJobRunner: 1 / 1 copied.
2016-08-14 06:40:06,828 INFO org.apache.hadoop.conf.Configuration.deprecation: mapred.skip.on is deprecated. Instead, use mapreduce.job.skiprecords
2016-08-14 06:40:07,912 INFO org.apache.hadoop.mapred.Task: Task:attempt_local634051022_0001_r_000000_0 is done. And is in the process of committing
2016-08-14 06:40:07,917 INFO org.apache.hadoop.mapred.LocalJobRunner: 1 / 1 copied.
2016-08-14 06:40:07,918 INFO org.apache.hadoop.mapred.Task: Task attempt_local634051022_0001_r_000000_0 is allowed to commit now
2016-08-14 06:40:07,919 INFO org.apache.hadoop.mapreduce.lib.output.FileOutputCommitter: Saved output of task 'attempt_local634051022_0001_r_000000_0' to file:/home/cloudera/workspace/WordCount/output1/_temporary/0/task_local634051022_0001_r_000000
2016-08-14 06:40:07,974 INFO org.apache.hadoop.mapred.LocalJobRunner: reduce > reduce
2016-08-14 06:40:07,974 INFO org.apache.hadoop.mapred.Task: Task 'attempt_local634051022_0001_r_000000_0' done.
2016-08-14 06:40:07,975 INFO org.apache.hadoop.mapred.LocalJobRunner: Finishing task: attempt_local634051022_0001_r_000000_0
2016-08-14 06:40:07,975 INFO org.apache.hadoop.mapred.LocalJobRunner: reduce task executor complete.
2016-08-14 06:40:08,752 INFO org.apache.hadoop.mapreduce.Job:  map 100% reduce 100%
2016-08-14 06:40:08,752 INFO org.apache.hadoop.mapreduce.Job: Job job_local634051022_0001 completed successfully
2016-08-14 06:40:08,779 INFO org.apache.hadoop.mapreduce.Job: Counters: 33
	File System Counters
		FILE: Number of bytes read=25620404
		FILE: Number of bytes written=22187735
		FILE: Number of read operations=0
		FILE: Number of large read operations=0
		FILE: Number of write operations=0
	Map-Reduce Framework
		Map input records=124787
		Map output records=902515
		Map output bytes=5415090
		Map output materialized bytes=7220126
		Input split bytes=114
		Combine input records=0
		Combine output records=0
		Reduce input groups=51
		Reduce shuffle bytes=7220126
		Reduce input records=902515
		Reduce output records=51
		Spilled Records=1805030
		Shuffled Maps =1
		Failed Shuffles=0
		Merged Map outputs=1
		GC time elapsed (ms)=78
		CPU time spent (ms)=0
		Physical memory (bytes) snapshot=0
		Virtual memory (bytes) snapshot=0
		Total committed heap usage (bytes)=950009856
	Shuffle Errors
		BAD_ID=0
		CONNECTION=0
		IO_ERROR=0
		WRONG_LENGTH=0
		WRONG_MAP=0
		WRONG_REDUCE=0
	File Input Format Counters 
		Bytes Read=5589889
	File Output Format Counters 
		Bytes Written=391
2016-08-14 06:41:24,954 WARN org.apache.hadoop.util.NativeCodeLoader: Unable to load native-hadoop library for your platform... using builtin-java classes where applicable
2016-08-14 06:41:25,242 INFO org.apache.hadoop.conf.Configuration.deprecation: session.id is deprecated. Instead, use dfs.metrics.session-id
2016-08-14 06:41:25,245 INFO org.apache.hadoop.metrics.jvm.JvmMetrics: Initializing JVM Metrics with processName=JobTracker, sessionId=
2016-08-14 06:41:25,477 WARN org.apache.hadoop.mapreduce.JobResourceUploader: No job jar file set.  User classes may not be found. See Job or Job#setJar(String).
2016-08-14 06:41:25,487 INFO org.apache.hadoop.mapreduce.lib.input.FileInputFormat: Total input paths to process : 1
2016-08-14 06:41:25,526 INFO org.apache.hadoop.mapreduce.JobSubmitter: number of splits:1
2016-08-14 06:41:25,744 INFO org.apache.hadoop.mapreduce.JobSubmitter: Submitting tokens for job: job_local871289995_0001
2016-08-14 06:41:25,954 INFO org.apache.hadoop.mapreduce.Job: The url to track the job: http://localhost:8080/
2016-08-14 06:41:25,956 INFO org.apache.hadoop.mapreduce.Job: Running job: job_local871289995_0001
2016-08-14 06:41:26,007 INFO org.apache.hadoop.mapred.LocalJobRunner: OutputCommitter set in config null
2016-08-14 06:41:26,012 INFO org.apache.hadoop.mapreduce.lib.output.FileOutputCommitter: File Output Committer Algorithm version is 1
2016-08-14 06:41:26,015 INFO org.apache.hadoop.mapred.LocalJobRunner: OutputCommitter is org.apache.hadoop.mapreduce.lib.output.FileOutputCommitter
2016-08-14 06:41:26,057 INFO org.apache.hadoop.mapred.LocalJobRunner: Waiting for map tasks
2016-08-14 06:41:26,058 INFO org.apache.hadoop.mapred.LocalJobRunner: Starting task: attempt_local871289995_0001_m_000000_0
2016-08-14 06:41:26,472 INFO org.apache.hadoop.mapreduce.lib.output.FileOutputCommitter: File Output Committer Algorithm version is 1
2016-08-14 06:41:26,491 INFO org.apache.hadoop.mapred.Task:  Using ResourceCalculatorProcessTree : [ ]
2016-08-14 06:41:26,495 INFO org.apache.hadoop.mapred.MapTask: Processing split: file:/home/cloudera/workspace/WordCount/pg100.txt:0+5589889
2016-08-14 06:41:26,622 INFO org.apache.hadoop.mapred.MapTask: (EQUATOR) 0 kvi 26214396(104857584)
2016-08-14 06:41:26,623 INFO org.apache.hadoop.mapred.MapTask: mapreduce.task.io.sort.mb: 100
2016-08-14 06:41:26,623 INFO org.apache.hadoop.mapred.MapTask: soft limit at 83886080
2016-08-14 06:41:26,623 INFO org.apache.hadoop.mapred.MapTask: bufstart = 0; bufvoid = 104857600
2016-08-14 06:41:26,623 INFO org.apache.hadoop.mapred.MapTask: kvstart = 26214396; length = 6553600
2016-08-14 06:41:26,628 INFO org.apache.hadoop.mapred.MapTask: Map output collector class = org.apache.hadoop.mapred.MapTask$MapOutputBuffer
2016-08-14 06:41:26,635 INFO org.apache.hadoop.mapreduce.lib.input.LineRecordReader: Found UTF-8 BOM and skipped it
2016-08-14 06:41:27,005 INFO org.apache.hadoop.mapreduce.Job: Job job_local871289995_0001 running in uber mode : false
2016-08-14 06:41:27,031 INFO org.apache.hadoop.mapreduce.Job:  map 0% reduce 0%
2016-08-14 06:41:30,227 INFO org.apache.hadoop.mapred.LocalJobRunner: 
2016-08-14 06:41:30,228 INFO org.apache.hadoop.mapred.MapTask: Starting flush of map output
2016-08-14 06:41:30,228 INFO org.apache.hadoop.mapred.MapTask: Spilling map output
2016-08-14 06:41:30,228 INFO org.apache.hadoop.mapred.MapTask: bufstart = 0; bufend = 5415090; bufvoid = 104857600
2016-08-14 06:41:30,228 INFO org.apache.hadoop.mapred.MapTask: kvstart = 26214396(104857584); kvend = 22604340(90417360); length = 3610057/6553600
2016-08-14 06:41:30,999 INFO org.apache.hadoop.mapred.MapTask: Finished spill 0
2016-08-14 06:41:31,020 INFO org.apache.hadoop.mapred.Task: Task:attempt_local871289995_0001_m_000000_0 is done. And is in the process of committing
2016-08-14 06:41:31,034 INFO org.apache.hadoop.mapred.LocalJobRunner: map
2016-08-14 06:41:31,034 INFO org.apache.hadoop.mapred.Task: Task 'attempt_local871289995_0001_m_000000_0' done.
2016-08-14 06:41:31,034 INFO org.apache.hadoop.mapred.LocalJobRunner: Finishing task: attempt_local871289995_0001_m_000000_0
2016-08-14 06:41:31,034 INFO org.apache.hadoop.mapred.LocalJobRunner: map task executor complete.
2016-08-14 06:41:31,036 INFO org.apache.hadoop.mapreduce.Job:  map 100% reduce 0%
2016-08-14 06:41:31,040 INFO org.apache.hadoop.mapred.LocalJobRunner: Waiting for reduce tasks
2016-08-14 06:41:31,040 INFO org.apache.hadoop.mapred.LocalJobRunner: Starting task: attempt_local871289995_0001_r_000000_0
2016-08-14 06:41:31,052 INFO org.apache.hadoop.mapreduce.lib.output.FileOutputCommitter: File Output Committer Algorithm version is 1
2016-08-14 06:41:31,053 INFO org.apache.hadoop.mapred.Task:  Using ResourceCalculatorProcessTree : [ ]
2016-08-14 06:41:31,057 INFO org.apache.hadoop.mapred.ReduceTask: Using ShuffleConsumerPlugin: org.apache.hadoop.mapreduce.task.reduce.Shuffle@c8925d7
2016-08-14 06:41:31,076 INFO org.apache.hadoop.mapreduce.task.reduce.MergeManagerImpl: MergerManager: memoryLimit=625003712, maxSingleShuffleLimit=156250928, mergeThreshold=412502464, ioSortFactor=10, memToMemMergeOutputsThreshold=10
2016-08-14 06:41:31,080 INFO org.apache.hadoop.mapreduce.task.reduce.EventFetcher: attempt_local871289995_0001_r_000000_0 Thread started: EventFetcher for fetching Map Completion Events
2016-08-14 06:41:31,123 INFO org.apache.hadoop.mapreduce.task.reduce.LocalFetcher: localfetcher#1 about to shuffle output of map attempt_local871289995_0001_m_000000_0 decomp: 7220122 len: 7220126 to MEMORY
2016-08-14 06:41:31,154 INFO org.apache.hadoop.mapreduce.task.reduce.InMemoryMapOutput: Read 7220122 bytes from map-output for attempt_local871289995_0001_m_000000_0
2016-08-14 06:41:31,222 INFO org.apache.hadoop.mapreduce.task.reduce.MergeManagerImpl: closeInMemoryFile -> map-output of size: 7220122, inMemoryMapOutputs.size() -> 1, commitMemory -> 0, usedMemory ->7220122
2016-08-14 06:41:31,226 INFO org.apache.hadoop.mapreduce.task.reduce.EventFetcher: EventFetcher is interrupted.. Returning
2016-08-14 06:41:31,228 INFO org.apache.hadoop.mapred.LocalJobRunner: 1 / 1 copied.
2016-08-14 06:41:31,229 INFO org.apache.hadoop.mapreduce.task.reduce.MergeManagerImpl: finalMerge called with 1 in-memory map-outputs and 0 on-disk map-outputs
2016-08-14 06:41:31,254 INFO org.apache.hadoop.mapred.Merger: Merging 1 sorted segments
2016-08-14 06:41:31,255 INFO org.apache.hadoop.mapred.Merger: Down to the last merge-pass, with 1 segments left of total size: 7220118 bytes
2016-08-14 06:41:31,768 INFO org.apache.hadoop.mapreduce.task.reduce.MergeManagerImpl: Merged 1 segments, 7220122 bytes to disk to satisfy reduce memory limit
2016-08-14 06:41:31,769 INFO org.apache.hadoop.mapreduce.task.reduce.MergeManagerImpl: Merging 1 files, 7220126 bytes from disk
2016-08-14 06:41:31,798 INFO org.apache.hadoop.mapreduce.task.reduce.MergeManagerImpl: Merging 0 segments, 0 bytes from memory into reduce
2016-08-14 06:41:31,799 INFO org.apache.hadoop.mapred.Merger: Merging 1 sorted segments
2016-08-14 06:41:31,799 INFO org.apache.hadoop.mapred.Merger: Down to the last merge-pass, with 1 segments left of total size: 7220118 bytes
2016-08-14 06:41:31,800 INFO org.apache.hadoop.mapred.LocalJobRunner: 1 / 1 copied.
2016-08-14 06:41:31,840 INFO org.apache.hadoop.conf.Configuration.deprecation: mapred.skip.on is deprecated. Instead, use mapreduce.job.skiprecords
2016-08-14 06:41:32,578 INFO org.apache.hadoop.mapred.Task: Task:attempt_local871289995_0001_r_000000_0 is done. And is in the process of committing
2016-08-14 06:41:32,580 INFO org.apache.hadoop.mapred.LocalJobRunner: 1 / 1 copied.
2016-08-14 06:41:32,580 INFO org.apache.hadoop.mapred.Task: Task attempt_local871289995_0001_r_000000_0 is allowed to commit now
2016-08-14 06:41:32,581 INFO org.apache.hadoop.mapreduce.lib.output.FileOutputCommitter: Saved output of task 'attempt_local871289995_0001_r_000000_0' to file:/home/cloudera/workspace/WordCount/output1/_temporary/0/task_local871289995_0001_r_000000
2016-08-14 06:41:32,582 INFO org.apache.hadoop.mapred.LocalJobRunner: reduce > reduce
2016-08-14 06:41:32,582 INFO org.apache.hadoop.mapred.Task: Task 'attempt_local871289995_0001_r_000000_0' done.
2016-08-14 06:41:32,582 INFO org.apache.hadoop.mapred.LocalJobRunner: Finishing task: attempt_local871289995_0001_r_000000_0
2016-08-14 06:41:32,583 INFO org.apache.hadoop.mapred.LocalJobRunner: reduce task executor complete.
2016-08-14 06:41:33,037 INFO org.apache.hadoop.mapreduce.Job:  map 100% reduce 100%
2016-08-14 06:41:33,037 INFO org.apache.hadoop.mapreduce.Job: Job job_local871289995_0001 completed successfully
2016-08-14 06:41:33,057 INFO org.apache.hadoop.mapreduce.Job: Counters: 33
	File System Counters
		FILE: Number of bytes read=25620404
		FILE: Number of bytes written=22187554
		FILE: Number of read operations=0
		FILE: Number of large read operations=0
		FILE: Number of write operations=0
	Map-Reduce Framework
		Map input records=124787
		Map output records=902515
		Map output bytes=5415090
		Map output materialized bytes=7220126
		Input split bytes=114
		Combine input records=0
		Combine output records=0
		Reduce input groups=26
		Reduce shuffle bytes=7220126
		Reduce input records=902515
		Reduce output records=26
		Spilled Records=1805030
		Shuffled Maps =1
		Failed Shuffles=0
		Merged Map outputs=1
		GC time elapsed (ms)=54
		CPU time spent (ms)=0
		Physical memory (bytes) snapshot=0
		Virtual memory (bytes) snapshot=0
		Total committed heap usage (bytes)=950009856
	Shuffle Errors
		BAD_ID=0
		CONNECTION=0
		IO_ERROR=0
		WRONG_LENGTH=0
		WRONG_MAP=0
		WRONG_REDUCE=0
	File Input Format Counters 
		Bytes Read=5589889
	File Output Format Counters 
		Bytes Written=210
2016-08-14 07:34:01,427 WARN org.apache.hadoop.util.NativeCodeLoader: Unable to load native-hadoop library for your platform... using builtin-java classes where applicable
2016-08-14 07:34:01,707 INFO org.apache.hadoop.conf.Configuration.deprecation: session.id is deprecated. Instead, use dfs.metrics.session-id
2016-08-14 07:34:01,708 INFO org.apache.hadoop.metrics.jvm.JvmMetrics: Initializing JVM Metrics with processName=JobTracker, sessionId=
2016-08-14 07:34:01,733 WARN org.apache.hadoop.security.UserGroupInformation: PriviledgedActionException as:cloudera (auth:SIMPLE) cause:org.apache.hadoop.mapred.FileAlreadyExistsException: Output directory file:/home/cloudera/workspace/WordCount/output1 already exists
2016-08-14 07:34:11,132 WARN org.apache.hadoop.util.NativeCodeLoader: Unable to load native-hadoop library for your platform... using builtin-java classes where applicable
2016-08-14 07:34:11,396 INFO org.apache.hadoop.conf.Configuration.deprecation: session.id is deprecated. Instead, use dfs.metrics.session-id
2016-08-14 07:34:11,397 INFO org.apache.hadoop.metrics.jvm.JvmMetrics: Initializing JVM Metrics with processName=JobTracker, sessionId=
2016-08-14 07:34:11,598 WARN org.apache.hadoop.mapreduce.JobResourceUploader: No job jar file set.  User classes may not be found. See Job or Job#setJar(String).
2016-08-14 07:34:11,611 INFO org.apache.hadoop.mapreduce.lib.input.FileInputFormat: Total input paths to process : 1
2016-08-14 07:34:11,660 INFO org.apache.hadoop.mapreduce.JobSubmitter: number of splits:1
2016-08-14 07:34:11,844 INFO org.apache.hadoop.mapreduce.JobSubmitter: Submitting tokens for job: job_local1385877564_0001
2016-08-14 07:34:12,010 INFO org.apache.hadoop.mapreduce.Job: The url to track the job: http://localhost:8080/
2016-08-14 07:34:12,011 INFO org.apache.hadoop.mapreduce.Job: Running job: job_local1385877564_0001
2016-08-14 07:34:12,016 INFO org.apache.hadoop.mapred.LocalJobRunner: OutputCommitter set in config null
2016-08-14 07:34:12,022 INFO org.apache.hadoop.mapreduce.lib.output.FileOutputCommitter: File Output Committer Algorithm version is 1
2016-08-14 07:34:12,024 INFO org.apache.hadoop.mapred.LocalJobRunner: OutputCommitter is org.apache.hadoop.mapreduce.lib.output.FileOutputCommitter
2016-08-14 07:34:12,066 INFO org.apache.hadoop.mapred.LocalJobRunner: Waiting for map tasks
2016-08-14 07:34:12,067 INFO org.apache.hadoop.mapred.LocalJobRunner: Starting task: attempt_local1385877564_0001_m_000000_0
2016-08-14 07:34:12,103 INFO org.apache.hadoop.mapreduce.lib.output.FileOutputCommitter: File Output Committer Algorithm version is 1
2016-08-14 07:34:12,120 INFO org.apache.hadoop.mapred.Task:  Using ResourceCalculatorProcessTree : [ ]
2016-08-14 07:34:12,123 INFO org.apache.hadoop.mapred.MapTask: Processing split: file:/home/cloudera/workspace/WordCount/pg100.txt:0+5589889
2016-08-14 07:34:12,186 INFO org.apache.hadoop.mapred.MapTask: (EQUATOR) 0 kvi 26214396(104857584)
2016-08-14 07:34:12,186 INFO org.apache.hadoop.mapred.MapTask: mapreduce.task.io.sort.mb: 100
2016-08-14 07:34:12,186 INFO org.apache.hadoop.mapred.MapTask: soft limit at 83886080
2016-08-14 07:34:12,186 INFO org.apache.hadoop.mapred.MapTask: bufstart = 0; bufvoid = 104857600
2016-08-14 07:34:12,186 INFO org.apache.hadoop.mapred.MapTask: kvstart = 26214396; length = 6553600
2016-08-14 07:34:12,192 INFO org.apache.hadoop.mapred.MapTask: Map output collector class = org.apache.hadoop.mapred.MapTask$MapOutputBuffer
2016-08-14 07:34:12,197 INFO org.apache.hadoop.mapreduce.lib.input.LineRecordReader: Found UTF-8 BOM and skipped it
2016-08-14 07:34:13,014 INFO org.apache.hadoop.mapreduce.Job: Job job_local1385877564_0001 running in uber mode : false
2016-08-14 07:34:13,017 INFO org.apache.hadoop.mapreduce.Job:  map 0% reduce 0%
2016-08-14 07:34:14,898 INFO org.apache.hadoop.mapred.LocalJobRunner: 
2016-08-14 07:34:14,899 INFO org.apache.hadoop.mapred.MapTask: Starting flush of map output
2016-08-14 07:34:14,899 INFO org.apache.hadoop.mapred.MapTask: Spilling map output
2016-08-14 07:34:14,899 INFO org.apache.hadoop.mapred.MapTask: bufstart = 0; bufend = 5415090; bufvoid = 104857600
2016-08-14 07:34:14,899 INFO org.apache.hadoop.mapred.MapTask: kvstart = 26214396(104857584); kvend = 22604340(90417360); length = 3610057/6553600
2016-08-14 07:34:15,842 INFO org.apache.hadoop.mapred.MapTask: Finished spill 0
2016-08-14 07:34:15,885 INFO org.apache.hadoop.mapred.Task: Task:attempt_local1385877564_0001_m_000000_0 is done. And is in the process of committing
2016-08-14 07:34:15,903 INFO org.apache.hadoop.mapred.LocalJobRunner: map
2016-08-14 07:34:15,904 INFO org.apache.hadoop.mapred.Task: Task 'attempt_local1385877564_0001_m_000000_0' done.
2016-08-14 07:34:15,904 INFO org.apache.hadoop.mapred.LocalJobRunner: Finishing task: attempt_local1385877564_0001_m_000000_0
2016-08-14 07:34:15,904 INFO org.apache.hadoop.mapred.LocalJobRunner: map task executor complete.
2016-08-14 07:34:15,909 INFO org.apache.hadoop.mapred.LocalJobRunner: Waiting for reduce tasks
2016-08-14 07:34:15,916 INFO org.apache.hadoop.mapred.LocalJobRunner: Starting task: attempt_local1385877564_0001_r_000000_0
2016-08-14 07:34:15,938 INFO org.apache.hadoop.mapreduce.lib.output.FileOutputCommitter: File Output Committer Algorithm version is 1
2016-08-14 07:34:15,939 INFO org.apache.hadoop.mapred.Task:  Using ResourceCalculatorProcessTree : [ ]
2016-08-14 07:34:15,963 INFO org.apache.hadoop.mapred.ReduceTask: Using ShuffleConsumerPlugin: org.apache.hadoop.mapreduce.task.reduce.Shuffle@13e1687
2016-08-14 07:34:15,991 INFO org.apache.hadoop.mapreduce.task.reduce.MergeManagerImpl: MergerManager: memoryLimit=625003712, maxSingleShuffleLimit=156250928, mergeThreshold=412502464, ioSortFactor=10, memToMemMergeOutputsThreshold=10
2016-08-14 07:34:15,995 INFO org.apache.hadoop.mapreduce.task.reduce.EventFetcher: attempt_local1385877564_0001_r_000000_0 Thread started: EventFetcher for fetching Map Completion Events
2016-08-14 07:34:16,041 INFO org.apache.hadoop.mapreduce.task.reduce.LocalFetcher: localfetcher#1 about to shuffle output of map attempt_local1385877564_0001_m_000000_0 decomp: 7220122 len: 7220126 to MEMORY
2016-08-14 07:34:16,069 INFO org.apache.hadoop.mapreduce.task.reduce.InMemoryMapOutput: Read 7220122 bytes from map-output for attempt_local1385877564_0001_m_000000_0
2016-08-14 07:34:16,158 INFO org.apache.hadoop.mapreduce.task.reduce.MergeManagerImpl: closeInMemoryFile -> map-output of size: 7220122, inMemoryMapOutputs.size() -> 1, commitMemory -> 0, usedMemory ->7220122
2016-08-14 07:34:16,167 INFO org.apache.hadoop.mapreduce.task.reduce.EventFetcher: EventFetcher is interrupted.. Returning
2016-08-14 07:34:16,170 INFO org.apache.hadoop.mapred.LocalJobRunner: 1 / 1 copied.
2016-08-14 07:34:16,170 INFO org.apache.hadoop.mapreduce.task.reduce.MergeManagerImpl: finalMerge called with 1 in-memory map-outputs and 0 on-disk map-outputs
2016-08-14 07:34:16,186 INFO org.apache.hadoop.mapred.Merger: Merging 1 sorted segments
2016-08-14 07:34:16,186 INFO org.apache.hadoop.mapred.Merger: Down to the last merge-pass, with 1 segments left of total size: 7220118 bytes
2016-08-14 07:34:16,308 INFO org.apache.hadoop.mapreduce.Job:  map 100% reduce 0%
2016-08-14 07:34:17,300 INFO org.apache.hadoop.mapreduce.task.reduce.MergeManagerImpl: Merged 1 segments, 7220122 bytes to disk to satisfy reduce memory limit
2016-08-14 07:34:17,335 INFO org.apache.hadoop.mapreduce.task.reduce.MergeManagerImpl: Merging 1 files, 7220126 bytes from disk
2016-08-14 07:34:17,340 INFO org.apache.hadoop.mapreduce.task.reduce.MergeManagerImpl: Merging 0 segments, 0 bytes from memory into reduce
2016-08-14 07:34:17,341 INFO org.apache.hadoop.mapred.Merger: Merging 1 sorted segments
2016-08-14 07:34:17,341 INFO org.apache.hadoop.mapred.Merger: Down to the last merge-pass, with 1 segments left of total size: 7220118 bytes
2016-08-14 07:34:17,342 INFO org.apache.hadoop.mapred.LocalJobRunner: 1 / 1 copied.
2016-08-14 07:34:17,437 INFO org.apache.hadoop.conf.Configuration.deprecation: mapred.skip.on is deprecated. Instead, use mapreduce.job.skiprecords
2016-08-14 07:34:18,100 INFO org.apache.hadoop.mapred.Task: Task:attempt_local1385877564_0001_r_000000_0 is done. And is in the process of committing
2016-08-14 07:34:18,101 INFO org.apache.hadoop.mapred.LocalJobRunner: 1 / 1 copied.
2016-08-14 07:34:18,102 INFO org.apache.hadoop.mapred.Task: Task attempt_local1385877564_0001_r_000000_0 is allowed to commit now
2016-08-14 07:34:18,102 INFO org.apache.hadoop.mapreduce.lib.output.FileOutputCommitter: Saved output of task 'attempt_local1385877564_0001_r_000000_0' to file:/home/cloudera/workspace/WordCount/output1/_temporary/0/task_local1385877564_0001_r_000000
2016-08-14 07:34:18,103 INFO org.apache.hadoop.mapred.LocalJobRunner: reduce > reduce
2016-08-14 07:34:18,103 INFO org.apache.hadoop.mapred.Task: Task 'attempt_local1385877564_0001_r_000000_0' done.
2016-08-14 07:34:18,103 INFO org.apache.hadoop.mapred.LocalJobRunner: Finishing task: attempt_local1385877564_0001_r_000000_0
2016-08-14 07:34:18,104 INFO org.apache.hadoop.mapred.LocalJobRunner: reduce task executor complete.
2016-08-14 07:34:18,310 INFO org.apache.hadoop.mapreduce.Job:  map 100% reduce 100%
2016-08-14 07:34:18,310 INFO org.apache.hadoop.mapreduce.Job: Job job_local1385877564_0001 completed successfully
2016-08-14 07:34:18,325 INFO org.apache.hadoop.mapreduce.Job: Counters: 33
	File System Counters
		FILE: Number of bytes read=25620404
		FILE: Number of bytes written=22190362
		FILE: Number of read operations=0
		FILE: Number of large read operations=0
		FILE: Number of write operations=0
	Map-Reduce Framework
		Map input records=124787
		Map output records=902515
		Map output bytes=5415090
		Map output materialized bytes=7220126
		Input split bytes=114
		Combine input records=0
		Combine output records=0
		Reduce input groups=26
		Reduce shuffle bytes=7220126
		Reduce input records=902515
		Reduce output records=26
		Spilled Records=1805030
		Shuffled Maps =1
		Failed Shuffles=0
		Merged Map outputs=1
		GC time elapsed (ms)=79
		CPU time spent (ms)=0
		Physical memory (bytes) snapshot=0
		Virtual memory (bytes) snapshot=0
		Total committed heap usage (bytes)=952107008
	Shuffle Errors
		BAD_ID=0
		CONNECTION=0
		IO_ERROR=0
		WRONG_LENGTH=0
		WRONG_MAP=0
		WRONG_REDUCE=0
	File Input Format Counters 
		Bytes Read=5589889
	File Output Format Counters 
		Bytes Written=210
2016-08-18 21:31:26,858 WARN org.apache.hadoop.util.NativeCodeLoader: Unable to load native-hadoop library for your platform... using builtin-java classes where applicable
2016-08-18 21:31:27,618 INFO org.apache.hadoop.conf.Configuration.deprecation: session.id is deprecated. Instead, use dfs.metrics.session-id
2016-08-18 21:31:27,621 INFO org.apache.hadoop.metrics.jvm.JvmMetrics: Initializing JVM Metrics with processName=JobTracker, sessionId=
2016-08-18 21:31:28,238 WARN org.apache.hadoop.mapreduce.JobResourceUploader: No job jar file set.  User classes may not be found. See Job or Job#setJar(String).
2016-08-18 21:31:28,250 INFO org.apache.hadoop.mapreduce.lib.input.FileInputFormat: Total input paths to process : 1
2016-08-18 21:31:28,316 INFO org.apache.hadoop.mapreduce.JobSubmitter: number of splits:1
2016-08-18 21:31:28,770 INFO org.apache.hadoop.mapreduce.JobSubmitter: Submitting tokens for job: job_local992484857_0001
2016-08-18 21:31:29,124 INFO org.apache.hadoop.mapreduce.Job: The url to track the job: http://localhost:8080/
2016-08-18 21:31:29,124 INFO org.apache.hadoop.mapreduce.Job: Running job: job_local992484857_0001
2016-08-18 21:31:29,160 INFO org.apache.hadoop.mapred.LocalJobRunner: OutputCommitter set in config null
2016-08-18 21:31:29,195 INFO org.apache.hadoop.mapreduce.lib.output.FileOutputCommitter: File Output Committer Algorithm version is 1
2016-08-18 21:31:29,200 INFO org.apache.hadoop.mapred.LocalJobRunner: OutputCommitter is org.apache.hadoop.mapreduce.lib.output.FileOutputCommitter
2016-08-18 21:31:29,287 INFO org.apache.hadoop.mapred.LocalJobRunner: Waiting for map tasks
2016-08-18 21:31:29,289 INFO org.apache.hadoop.mapred.LocalJobRunner: Starting task: attempt_local992484857_0001_m_000000_0
2016-08-18 21:31:29,390 INFO org.apache.hadoop.mapreduce.lib.output.FileOutputCommitter: File Output Committer Algorithm version is 1
2016-08-18 21:31:29,448 INFO org.apache.hadoop.mapred.Task:  Using ResourceCalculatorProcessTree : [ ]
2016-08-18 21:31:29,456 INFO org.apache.hadoop.mapred.MapTask: Processing split: file:/home/cloudera/workspace/mining_big_data/assignment1/WordCount/100.txt:0+5589917
2016-08-18 21:31:29,609 INFO org.apache.hadoop.mapred.MapTask: (EQUATOR) 0 kvi 26214396(104857584)
2016-08-18 21:31:29,609 INFO org.apache.hadoop.mapred.MapTask: mapreduce.task.io.sort.mb: 100
2016-08-18 21:31:29,609 INFO org.apache.hadoop.mapred.MapTask: soft limit at 83886080
2016-08-18 21:31:29,609 INFO org.apache.hadoop.mapred.MapTask: bufstart = 0; bufvoid = 104857600
2016-08-18 21:31:29,609 INFO org.apache.hadoop.mapred.MapTask: kvstart = 26214396; length = 6553600
2016-08-18 21:31:29,613 INFO org.apache.hadoop.mapred.MapTask: Map output collector class = org.apache.hadoop.mapred.MapTask$MapOutputBuffer
2016-08-18 21:31:30,127 INFO org.apache.hadoop.mapreduce.Job: Job job_local992484857_0001 running in uber mode : false
2016-08-18 21:31:30,129 INFO org.apache.hadoop.mapreduce.Job:  map 0% reduce 0%
2016-08-18 21:31:32,278 INFO org.apache.hadoop.mapred.LocalJobRunner: 
2016-08-18 21:31:32,279 INFO org.apache.hadoop.mapred.MapTask: Starting flush of map output
2016-08-18 21:31:32,279 INFO org.apache.hadoop.mapred.MapTask: Spilling map output
2016-08-18 21:31:32,279 INFO org.apache.hadoop.mapred.MapTask: bufstart = 0; bufend = 5415114; bufvoid = 104857600
2016-08-18 21:31:32,279 INFO org.apache.hadoop.mapred.MapTask: kvstart = 26214396(104857584); kvend = 22604324(90417296); length = 3610073/6553600
2016-08-18 21:31:33,366 INFO org.apache.hadoop.mapred.MapTask: Finished spill 0
2016-08-18 21:31:33,371 INFO org.apache.hadoop.mapred.Task: Task:attempt_local992484857_0001_m_000000_0 is done. And is in the process of committing
2016-08-18 21:31:33,508 INFO org.apache.hadoop.mapred.LocalJobRunner: map
2016-08-18 21:31:33,508 INFO org.apache.hadoop.mapred.Task: Task 'attempt_local992484857_0001_m_000000_0' done.
2016-08-18 21:31:33,508 INFO org.apache.hadoop.mapred.LocalJobRunner: Finishing task: attempt_local992484857_0001_m_000000_0
2016-08-18 21:31:33,508 INFO org.apache.hadoop.mapred.LocalJobRunner: map task executor complete.
2016-08-18 21:31:33,519 INFO org.apache.hadoop.mapred.LocalJobRunner: Waiting for reduce tasks
2016-08-18 21:31:33,520 INFO org.apache.hadoop.mapred.LocalJobRunner: Starting task: attempt_local992484857_0001_r_000000_0
2016-08-18 21:31:33,560 INFO org.apache.hadoop.mapreduce.lib.output.FileOutputCommitter: File Output Committer Algorithm version is 1
2016-08-18 21:31:33,561 INFO org.apache.hadoop.mapred.Task:  Using ResourceCalculatorProcessTree : [ ]
2016-08-18 21:31:33,565 INFO org.apache.hadoop.mapred.ReduceTask: Using ShuffleConsumerPlugin: org.apache.hadoop.mapreduce.task.reduce.Shuffle@10ddc385
2016-08-18 21:31:33,673 INFO org.apache.hadoop.mapreduce.task.reduce.MergeManagerImpl: MergerManager: memoryLimit=625003712, maxSingleShuffleLimit=156250928, mergeThreshold=412502464, ioSortFactor=10, memToMemMergeOutputsThreshold=10
2016-08-18 21:31:33,678 INFO org.apache.hadoop.mapreduce.task.reduce.EventFetcher: attempt_local992484857_0001_r_000000_0 Thread started: EventFetcher for fetching Map Completion Events
2016-08-18 21:31:33,728 INFO org.apache.hadoop.mapreduce.task.reduce.LocalFetcher: localfetcher#1 about to shuffle output of map attempt_local992484857_0001_m_000000_0 decomp: 7220154 len: 7220158 to MEMORY
2016-08-18 21:31:33,965 INFO org.apache.hadoop.mapreduce.task.reduce.InMemoryMapOutput: Read 7220154 bytes from map-output for attempt_local992484857_0001_m_000000_0
2016-08-18 21:31:33,970 INFO org.apache.hadoop.mapreduce.task.reduce.MergeManagerImpl: closeInMemoryFile -> map-output of size: 7220154, inMemoryMapOutputs.size() -> 1, commitMemory -> 0, usedMemory ->7220154
2016-08-18 21:31:33,972 INFO org.apache.hadoop.mapreduce.task.reduce.EventFetcher: EventFetcher is interrupted.. Returning
2016-08-18 21:31:33,973 INFO org.apache.hadoop.mapred.LocalJobRunner: 1 / 1 copied.
2016-08-18 21:31:33,973 INFO org.apache.hadoop.mapreduce.task.reduce.MergeManagerImpl: finalMerge called with 1 in-memory map-outputs and 0 on-disk map-outputs
2016-08-18 21:31:33,987 INFO org.apache.hadoop.mapred.Merger: Merging 1 sorted segments
2016-08-18 21:31:33,988 INFO org.apache.hadoop.mapred.Merger: Down to the last merge-pass, with 1 segments left of total size: 7220150 bytes
2016-08-18 21:31:34,137 INFO org.apache.hadoop.mapreduce.Job:  map 100% reduce 0%
2016-08-18 21:31:34,778 INFO org.apache.hadoop.mapreduce.task.reduce.MergeManagerImpl: Merged 1 segments, 7220154 bytes to disk to satisfy reduce memory limit
2016-08-18 21:31:34,779 INFO org.apache.hadoop.mapreduce.task.reduce.MergeManagerImpl: Merging 1 files, 7220158 bytes from disk
2016-08-18 21:31:34,780 INFO org.apache.hadoop.mapreduce.task.reduce.MergeManagerImpl: Merging 0 segments, 0 bytes from memory into reduce
2016-08-18 21:31:34,780 INFO org.apache.hadoop.mapred.Merger: Merging 1 sorted segments
2016-08-18 21:31:34,781 INFO org.apache.hadoop.mapred.Merger: Down to the last merge-pass, with 1 segments left of total size: 7220150 bytes
2016-08-18 21:31:34,782 INFO org.apache.hadoop.mapred.LocalJobRunner: 1 / 1 copied.
2016-08-18 21:31:34,937 INFO org.apache.hadoop.conf.Configuration.deprecation: mapred.skip.on is deprecated. Instead, use mapreduce.job.skiprecords
2016-08-18 21:31:35,811 INFO org.apache.hadoop.mapred.Task: Task:attempt_local992484857_0001_r_000000_0 is done. And is in the process of committing
2016-08-18 21:31:35,818 INFO org.apache.hadoop.mapred.LocalJobRunner: 1 / 1 copied.
2016-08-18 21:31:35,818 INFO org.apache.hadoop.mapred.Task: Task attempt_local992484857_0001_r_000000_0 is allowed to commit now
2016-08-18 21:31:35,819 INFO org.apache.hadoop.mapreduce.lib.output.FileOutputCommitter: Saved output of task 'attempt_local992484857_0001_r_000000_0' to file:/home/cloudera/workspace/mining_big_data/assignment1/WordCount/output/_temporary/0/task_local992484857_0001_r_000000
2016-08-18 21:31:35,820 INFO org.apache.hadoop.mapred.LocalJobRunner: reduce > reduce
2016-08-18 21:31:35,821 INFO org.apache.hadoop.mapred.Task: Task 'attempt_local992484857_0001_r_000000_0' done.
2016-08-18 21:31:35,821 INFO org.apache.hadoop.mapred.LocalJobRunner: Finishing task: attempt_local992484857_0001_r_000000_0
2016-08-18 21:31:35,821 INFO org.apache.hadoop.mapred.LocalJobRunner: reduce task executor complete.
2016-08-18 21:31:36,138 INFO org.apache.hadoop.mapreduce.Job:  map 100% reduce 100%
2016-08-18 21:31:36,139 INFO org.apache.hadoop.mapreduce.Job: Job job_local992484857_0001 completed successfully
2016-08-18 21:31:36,157 INFO org.apache.hadoop.mapreduce.Job: Counters: 33
	File System Counters
		FILE: Number of bytes read=25620576
		FILE: Number of bytes written=22187946
		FILE: Number of read operations=0
		FILE: Number of large read operations=0
		FILE: Number of write operations=0
	Map-Reduce Framework
		Map input records=124788
		Map output records=902519
		Map output bytes=5415114
		Map output materialized bytes=7220158
		Input split bytes=140
		Combine input records=0
		Combine output records=0
		Reduce input groups=26
		Reduce shuffle bytes=7220158
		Reduce input records=902519
		Reduce output records=26
		Spilled Records=1805038
		Shuffled Maps =1
		Failed Shuffles=0
		Merged Map outputs=1
		GC time elapsed (ms)=65
		CPU time spent (ms)=0
		Physical memory (bytes) snapshot=0
		Virtual memory (bytes) snapshot=0
		Total committed heap usage (bytes)=943718400
	Shuffle Errors
		BAD_ID=0
		CONNECTION=0
		IO_ERROR=0
		WRONG_LENGTH=0
		WRONG_MAP=0
		WRONG_REDUCE=0
	File Input Format Counters 
		Bytes Read=5589917
	File Output Format Counters 
		Bytes Written=210
